2025-04-27 12:17:57,738 INFO o.a.j.u.JMeterUtils: Setting Locale to en_EN
2025-04-27 12:17:57,758 INFO o.a.j.JMeter: Loading user properties from: /workspaces/service/apache-jmeter-5.6.3/bin/user.properties
2025-04-27 12:17:57,759 INFO o.a.j.JMeter: Loading system properties from: /workspaces/service/apache-jmeter-5.6.3/bin/system.properties
2025-04-27 12:17:57,759 INFO o.a.j.JMeter: Setting JMeter property: host=turbo-parakeet-qprg954j574h94-8080.app.github.dev
2025-04-27 12:17:57,759 INFO o.a.j.JMeter: Setting JMeter property: port=443
2025-04-27 12:17:57,759 INFO o.a.j.JMeter: Setting JMeter property: protocol=https
2025-04-27 12:17:57,765 INFO o.a.j.JMeter: Copyright (c) 1998-2024 The Apache Software Foundation
2025-04-27 12:17:57,765 INFO o.a.j.JMeter: Version 5.6.3
2025-04-27 12:17:57,765 INFO o.a.j.JMeter: java.version=17.0.15
2025-04-27 12:17:57,766 INFO o.a.j.JMeter: java.vm.name=OpenJDK 64-Bit Server VM
2025-04-27 12:17:57,766 INFO o.a.j.JMeter: os.name=Linux
2025-04-27 12:17:57,766 INFO o.a.j.JMeter: os.arch=amd64
2025-04-27 12:17:57,766 INFO o.a.j.JMeter: os.version=6.8.0-1026-azure
2025-04-27 12:17:57,766 INFO o.a.j.JMeter: file.encoding=UTF-8
2025-04-27 12:17:57,766 INFO o.a.j.JMeter: java.awt.headless=true
2025-04-27 12:17:57,767 INFO o.a.j.JMeter: Max memory     =1073741824
2025-04-27 12:17:57,768 INFO o.a.j.JMeter: Available Processors =4
2025-04-27 12:17:57,777 INFO o.a.j.JMeter: Default Locale=English (EN)
2025-04-27 12:17:57,778 INFO o.a.j.JMeter: JMeter  Locale=English (EN)
2025-04-27 12:17:57,778 INFO o.a.j.JMeter: JMeterHome=/workspaces/service/apache-jmeter-5.6.3
2025-04-27 12:17:57,778 INFO o.a.j.JMeter: user.dir  =/workspaces/service
2025-04-27 12:17:57,778 INFO o.a.j.JMeter: PWD       =/workspaces/service
2025-04-27 12:17:57,779 INFO o.a.j.JMeter: IP: 127.0.0.1 Name: codespaces-da858c FullName: localhost
2025-04-27 12:17:57,793 INFO o.a.j.s.FileServer: Default base='/workspaces/service'
2025-04-27 12:17:57,794 INFO o.a.j.s.FileServer: Set new base='/workspaces/service/jmeter'
2025-04-27 12:17:57,990 INFO o.a.j.s.SaveService: Testplan (JMX) version: 2.2. Testlog (JTL) version: 2.2
2025-04-27 12:17:58,010 INFO o.a.j.s.SaveService: Using SaveService properties version 5.0
2025-04-27 12:17:58,013 INFO o.a.j.s.SaveService: Using SaveService properties file encoding UTF-8
2025-04-27 12:17:58,015 INFO o.a.j.s.SaveService: Loading file: jmeter/performance_test.jmx
2025-04-27 12:17:58,051 INFO o.a.j.p.h.s.HTTPSamplerBase: Parser for text/html is org.apache.jmeter.protocol.http.parser.LagartoBasedHtmlParser
2025-04-27 12:17:58,052 INFO o.a.j.p.h.s.HTTPSamplerBase: Parser for application/xhtml+xml is org.apache.jmeter.protocol.http.parser.LagartoBasedHtmlParser
2025-04-27 12:17:58,052 INFO o.a.j.p.h.s.HTTPSamplerBase: Parser for application/xml is org.apache.jmeter.protocol.http.parser.LagartoBasedHtmlParser
2025-04-27 12:17:58,052 INFO o.a.j.p.h.s.HTTPSamplerBase: Parser for text/xml is org.apache.jmeter.protocol.http.parser.LagartoBasedHtmlParser
2025-04-27 12:17:58,052 INFO o.a.j.p.h.s.HTTPSamplerBase: Parser for text/vnd.wap.wml is org.apache.jmeter.protocol.http.parser.RegexpHTMLParser
2025-04-27 12:17:58,052 INFO o.a.j.p.h.s.HTTPSamplerBase: Parser for text/css is org.apache.jmeter.protocol.http.parser.CssParser
2025-04-27 12:17:58,063 INFO o.a.j.JMeter: Creating summariser <summary>
2025-04-27 12:17:58,072 INFO o.a.j.e.StandardJMeterEngine: Running the test!
2025-04-27 12:17:58,073 INFO o.a.j.s.SampleEvent: List of sample_variables: []
2025-04-27 12:17:58,073 INFO o.a.j.s.SampleEvent: List of sample_variables: []
2025-04-27 12:17:58,077 INFO o.a.j.e.u.CompoundVariable: Note: Function class names must contain the string: '.functions.'
2025-04-27 12:17:58,077 INFO o.a.j.e.u.CompoundVariable: Note: Function class names must not contain the string: '.gui.'
2025-04-27 12:17:58,131 INFO o.a.j.JMeter: Running test (1745756278131)
2025-04-27 12:17:58,148 INFO o.a.j.e.StandardJMeterEngine: Starting ThreadGroup: 1 : 25 users × 5 loops
2025-04-27 12:17:58,148 INFO o.a.j.e.StandardJMeterEngine: Starting 25 threads for group 25 users × 5 loops.
2025-04-27 12:17:58,148 INFO o.a.j.e.StandardJMeterEngine: Thread will continue on error
2025-04-27 12:17:58,149 INFO o.a.j.t.ThreadGroup: Starting thread group... number=1 threads=25 ramp-up=10 delayedStart=false
2025-04-27 12:17:58,153 INFO o.a.j.t.JMeterThread: Thread started: 25 users × 5 loops 1-1
2025-04-27 12:17:58,167 INFO o.a.j.t.ThreadGroup: Started thread group number 1
2025-04-27 12:17:58,167 INFO o.a.j.e.StandardJMeterEngine: All thread groups have been started
2025-04-27 12:17:58,169 INFO o.a.j.p.h.s.HTTPHCAbstractImpl: Local host = codespaces-da858c
2025-04-27 12:17:58,175 INFO o.a.j.p.h.s.HTTPHC4Impl: HTTP request retry count = 0
2025-04-27 12:17:58,176 INFO o.a.j.s.SampleResult: Note: Sample TimeStamps are START times
2025-04-27 12:17:58,177 INFO o.a.j.s.SampleResult: sampleresult.default.encoding is set to UTF-8
2025-04-27 12:17:58,177 INFO o.a.j.s.SampleResult: sampleresult.useNanoTime=true
2025-04-27 12:17:58,177 INFO o.a.j.s.SampleResult: sampleresult.nanoThreadSleep=5000
2025-04-27 12:17:58,233 INFO o.a.j.t.JMeterThread: Thread is done: 25 users × 5 loops 1-1
2025-04-27 12:17:58,234 INFO o.a.j.t.JMeterThread: Thread finished: 25 users × 5 loops 1-1
2025-04-27 12:17:58,553 INFO o.a.j.t.JMeterThread: Thread started: 25 users × 5 loops 1-2
2025-04-27 12:17:58,557 INFO o.a.j.t.JMeterThread: Thread is done: 25 users × 5 loops 1-2
2025-04-27 12:17:58,557 INFO o.a.j.t.JMeterThread: Thread finished: 25 users × 5 loops 1-2
2025-04-27 12:17:58,951 INFO o.a.j.t.JMeterThread: Thread started: 25 users × 5 loops 1-3
2025-04-27 12:17:58,955 INFO o.a.j.t.JMeterThread: Thread is done: 25 users × 5 loops 1-3
2025-04-27 12:17:58,955 INFO o.a.j.t.JMeterThread: Thread finished: 25 users × 5 loops 1-3
2025-04-27 12:17:59,351 INFO o.a.j.t.JMeterThread: Thread started: 25 users × 5 loops 1-4
2025-04-27 12:17:59,355 INFO o.a.j.t.JMeterThread: Thread is done: 25 users × 5 loops 1-4
2025-04-27 12:17:59,355 INFO o.a.j.t.JMeterThread: Thread finished: 25 users × 5 loops 1-4
2025-04-27 12:17:59,750 INFO o.a.j.t.JMeterThread: Thread started: 25 users × 5 loops 1-5
2025-04-27 12:17:59,753 INFO o.a.j.t.JMeterThread: Thread is done: 25 users × 5 loops 1-5
2025-04-27 12:17:59,753 INFO o.a.j.t.JMeterThread: Thread finished: 25 users × 5 loops 1-5
2025-04-27 12:18:00,150 INFO o.a.j.t.JMeterThread: Thread started: 25 users × 5 loops 1-6
2025-04-27 12:18:00,153 INFO o.a.j.r.Summariser: summary +     26 in 00:00:02 =   12.9/s Avg:     0 Min:     0 Max:     0 Err:    26 (100.00%) Active: 1 Started: 6 Finished: 5
2025-04-27 12:18:00,154 INFO o.a.j.t.JMeterThread: Thread is done: 25 users × 5 loops 1-6
2025-04-27 12:18:00,154 INFO o.a.j.t.JMeterThread: Thread finished: 25 users × 5 loops 1-6
2025-04-27 12:18:00,550 INFO o.a.j.t.JMeterThread: Thread started: 25 users × 5 loops 1-7
2025-04-27 12:18:00,554 INFO o.a.j.t.JMeterThread: Thread is done: 25 users × 5 loops 1-7
2025-04-27 12:18:00,554 INFO o.a.j.t.JMeterThread: Thread finished: 25 users × 5 loops 1-7
2025-04-27 12:18:00,950 INFO o.a.j.t.JMeterThread: Thread started: 25 users × 5 loops 1-8
2025-04-27 12:18:00,953 INFO o.a.j.t.JMeterThread: Thread is done: 25 users × 5 loops 1-8
2025-04-27 12:18:00,953 INFO o.a.j.t.JMeterThread: Thread finished: 25 users × 5 loops 1-8
2025-04-27 12:18:01,350 INFO o.a.j.t.JMeterThread: Thread started: 25 users × 5 loops 1-9
2025-04-27 12:18:01,352 INFO o.a.j.t.JMeterThread: Thread is done: 25 users × 5 loops 1-9
2025-04-27 12:18:01,353 INFO o.a.j.t.JMeterThread: Thread finished: 25 users × 5 loops 1-9
2025-04-27 12:18:01,750 INFO o.a.j.t.JMeterThread: Thread started: 25 users × 5 loops 1-10
2025-04-27 12:18:01,753 INFO o.a.j.t.JMeterThread: Thread is done: 25 users × 5 loops 1-10
2025-04-27 12:18:01,753 INFO o.a.j.t.JMeterThread: Thread finished: 25 users × 5 loops 1-10
2025-04-27 12:18:02,150 INFO o.a.j.t.JMeterThread: Thread started: 25 users × 5 loops 1-11
2025-04-27 12:18:02,152 INFO o.a.j.t.JMeterThread: Thread is done: 25 users × 5 loops 1-11
2025-04-27 12:18:02,152 INFO o.a.j.t.JMeterThread: Thread finished: 25 users × 5 loops 1-11
2025-04-27 12:18:02,550 INFO o.a.j.t.JMeterThread: Thread started: 25 users × 5 loops 1-12
2025-04-27 12:18:02,553 INFO o.a.j.t.JMeterThread: Thread is done: 25 users × 5 loops 1-12
2025-04-27 12:18:02,553 INFO o.a.j.t.JMeterThread: Thread finished: 25 users × 5 loops 1-12
2025-04-27 12:18:02,951 INFO o.a.j.t.JMeterThread: Thread started: 25 users × 5 loops 1-13
2025-04-27 12:18:02,954 INFO o.a.j.t.JMeterThread: Thread is done: 25 users × 5 loops 1-13
2025-04-27 12:18:02,954 INFO o.a.j.t.JMeterThread: Thread finished: 25 users × 5 loops 1-13
2025-04-27 12:18:03,350 INFO o.a.j.t.JMeterThread: Thread started: 25 users × 5 loops 1-14
2025-04-27 12:18:03,352 INFO o.a.j.t.JMeterThread: Thread is done: 25 users × 5 loops 1-14
2025-04-27 12:18:03,352 INFO o.a.j.t.JMeterThread: Thread finished: 25 users × 5 loops 1-14
2025-04-27 12:18:03,751 INFO o.a.j.t.JMeterThread: Thread started: 25 users × 5 loops 1-15
2025-04-27 12:18:03,754 INFO o.a.j.t.JMeterThread: Thread is done: 25 users × 5 loops 1-15
2025-04-27 12:18:03,754 INFO o.a.j.t.JMeterThread: Thread finished: 25 users × 5 loops 1-15
2025-04-27 12:18:04,150 INFO o.a.j.t.JMeterThread: Thread started: 25 users × 5 loops 1-16
2025-04-27 12:18:04,153 INFO o.a.j.t.JMeterThread: Thread is done: 25 users × 5 loops 1-16
2025-04-27 12:18:04,153 INFO o.a.j.t.JMeterThread: Thread finished: 25 users × 5 loops 1-16
2025-04-27 12:18:04,550 INFO o.a.j.t.JMeterThread: Thread started: 25 users × 5 loops 1-17
2025-04-27 12:18:04,553 INFO o.a.j.t.JMeterThread: Thread is done: 25 users × 5 loops 1-17
2025-04-27 12:18:04,553 INFO o.a.j.t.JMeterThread: Thread finished: 25 users × 5 loops 1-17
2025-04-27 12:18:04,951 INFO o.a.j.t.JMeterThread: Thread started: 25 users × 5 loops 1-18
2025-04-27 12:18:04,953 INFO o.a.j.t.JMeterThread: Thread is done: 25 users × 5 loops 1-18
2025-04-27 12:18:04,953 INFO o.a.j.t.JMeterThread: Thread finished: 25 users × 5 loops 1-18
2025-04-27 12:18:05,349 INFO o.a.j.t.JMeterThread: Thread started: 25 users × 5 loops 1-19
2025-04-27 12:18:05,351 INFO o.a.j.t.JMeterThread: Thread is done: 25 users × 5 loops 1-19
2025-04-27 12:18:05,352 INFO o.a.j.t.JMeterThread: Thread finished: 25 users × 5 loops 1-19
2025-04-27 12:18:05,752 INFO o.a.j.t.JMeterThread: Thread started: 25 users × 5 loops 1-20
2025-04-27 12:18:05,755 INFO o.a.j.t.JMeterThread: Thread is done: 25 users × 5 loops 1-20
2025-04-27 12:18:05,755 INFO o.a.j.t.JMeterThread: Thread finished: 25 users × 5 loops 1-20
2025-04-27 12:18:06,150 INFO o.a.j.t.JMeterThread: Thread started: 25 users × 5 loops 1-21
2025-04-27 12:18:06,153 INFO o.a.j.t.JMeterThread: Thread is done: 25 users × 5 loops 1-21
2025-04-27 12:18:06,153 INFO o.a.j.t.JMeterThread: Thread finished: 25 users × 5 loops 1-21
2025-04-27 12:18:06,550 INFO o.a.j.t.JMeterThread: Thread started: 25 users × 5 loops 1-22
2025-04-27 12:18:06,552 INFO o.a.j.t.JMeterThread: Thread is done: 25 users × 5 loops 1-22
2025-04-27 12:18:06,552 INFO o.a.j.t.JMeterThread: Thread finished: 25 users × 5 loops 1-22
2025-04-27 12:18:06,951 INFO o.a.j.t.JMeterThread: Thread started: 25 users × 5 loops 1-23
2025-04-27 12:18:06,954 INFO o.a.j.t.JMeterThread: Thread is done: 25 users × 5 loops 1-23
2025-04-27 12:18:06,954 INFO o.a.j.t.JMeterThread: Thread finished: 25 users × 5 loops 1-23
2025-04-27 12:18:07,350 INFO o.a.j.t.JMeterThread: Thread started: 25 users × 5 loops 1-24
2025-04-27 12:18:07,353 INFO o.a.j.t.JMeterThread: Thread is done: 25 users × 5 loops 1-24
2025-04-27 12:18:07,353 INFO o.a.j.t.JMeterThread: Thread finished: 25 users × 5 loops 1-24
2025-04-27 12:18:07,750 INFO o.a.j.t.JMeterThread: Thread started: 25 users × 5 loops 1-25
2025-04-27 12:18:07,753 INFO o.a.j.t.JMeterThread: Thread is done: 25 users × 5 loops 1-25
2025-04-27 12:18:07,753 INFO o.a.j.t.JMeterThread: Thread finished: 25 users × 5 loops 1-25
2025-04-27 12:18:07,754 INFO o.a.j.e.StandardJMeterEngine: Notifying test listeners of end of test
2025-04-27 12:18:07,755 INFO o.a.j.r.Summariser: summary +     99 in 00:00:08 =   13.0/s Avg:     0 Min:     0 Max:     0 Err:    99 (100.00%) Active: 0 Started: 25 Finished: 25
2025-04-27 12:18:07,755 INFO o.a.j.r.Summariser: summary =    125 in 00:00:10 =   13.0/s Avg:     0 Min:     0 Max:     0 Err:   125 (100.00%)
